<?xml version="1.0" encoding="UTF-8"?>
<!-- Generated by org.testng.reporters.JUnitReportReporter -->
<testsuite hostname="PL00200269" name="com.sql.Test1" tests="1" failures="0" timestamp="12 Jul 2016 09:20:35 GMT" time="0.053" errors="0">
  <testcase name="Test1" time="0.053" classname="com.sql.Test1"/>
</testsuite> <!-- com.sql.Test1 -->
