<?xml version="1.0" encoding="UTF-8"?>
<!-- Generated by org.testng.reporters.JUnitReportReporter -->
<testsuite hostname="PL00200269" name="test" tests="1" failures="0" timestamp="7 Jul 2016 11:01:16 GMT" time="55.043" errors="0">
  <testcase name="test" time="55.043" classname="test"/>
</testsuite> <!-- test -->
