<?xml version="1.0" encoding="UTF-8"?>
<!-- Generated by org.testng.reporters.JUnitReportReporter -->
<testsuite hostname="PL00200269" name="com.sql.test1" tests="1" failures="0" timestamp="20 Jul 2016 13:00:05 GMT" time="0.104" errors="0">
  <testcase name="Test1" time="0.104" classname="com.sql.test1"/>
</testsuite> <!-- com.sql.test1 -->
