<?xml version="1.0" encoding="UTF-8"?>
<!-- Generated by org.testng.reporters.JUnitReportReporter -->
<testsuite hostname="PL00200269" name="com.appium.test3" tests="1" failures="0" timestamp="20 Jul 2016 13:00:05 GMT" time="34.263" errors="0">
  <testcase name="test" time="34.263" classname="com.appium.test3"/>
</testsuite> <!-- com.appium.test3 -->
