<?xml version="1.0" encoding="UTF-8"?>
<!-- Generated by org.testng.reporters.JUnitReportReporter -->
<testsuite hostname="PL00200269" name="com.appium.test" tests="1" failures="0" timestamp="12 Jul 2016 09:24:59 GMT" time="68.685" errors="0">
  <testcase name="test" time="68.685" classname="com.appium.test"/>
</testsuite> <!-- com.appium.test -->
