<?xml version="1.0" encoding="UTF-8"?>
<!-- Generated by org.testng.reporters.JUnitReportReporter -->
<testsuite hostname="PL00200269" name="com.appium.test" tests="1" failures="0" timestamp="20 Jul 2016 13:00:05 GMT" time="59.003" errors="0">
  <testcase name="test" time="59.003" classname="com.appium.test"/>
</testsuite> <!-- com.appium.test -->
