<?xml version="1.0" encoding="UTF-8"?>
<!-- Generated by org.testng.reporters.JUnitReportReporter -->
<testsuite hostname="PL00200269" name="com.appium.test2" tests="1" failures="0" timestamp="20 Jul 2016 13:00:05 GMT" time="17.872" errors="0">
  <testcase name="test" time="17.872" classname="com.appium.test2"/>
</testsuite> <!-- com.appium.test2 -->
