<?xml version="1.0" encoding="UTF-8"?>
<!-- Generated by org.testng.reporters.JUnitReportReporter -->
<testsuite hostname="PL00200269" name="com.appium.test2" tests="1" failures="0" timestamp="12 Jul 2016 09:24:59 GMT" time="17.768" errors="0">
  <testcase name="test" time="17.768" classname="com.appium.test2"/>
</testsuite> <!-- com.appium.test2 -->
