<?xml version="1.0" encoding="UTF-8"?>
<!-- Generated by org.testng.reporters.JUnitReportReporter -->
<testsuite hostname="PL00200269" name="com.appium.test3" tests="1" failures="0" timestamp="12 Jul 2016 09:24:59 GMT" time="36.478" errors="0">
  <testcase name="test" time="36.478" classname="com.appium.test3"/>
</testsuite> <!-- com.appium.test3 -->
